[2024-08-10 23:07:02.079742] [0x0000729b92bb46c0] [warning] (decodeToDataMap_) Failed to parse the jsonString [{"key""value"}]
[2024-08-10 23:07:02.080020] [0x0000729b92bb46c0] [error] (decodeToDataMap_) Found nesting at key (key_1)
[2024-08-10 23:07:02.080258] [0x0000729b92bb46c0] [info] Hello world
[2024-08-10 23:07:02.080290] [0x0000729b92bb46c0] [warning] Hello world, 5 + 5 = 10
[2024-08-10 23:07:02.080307] [0x0000729b92bb46c0] [error] Hello world again!
[2024-08-10 23:07:02.080480] [0x0000729b92bb46c0] [error] (getKeyValue_) key (key_1) was not found
[2024-08-10 23:07:02.080554] [0x0000729b92bb46c0] [error] (decodeToDataMap_) Found nesting at key (key_1)
[2024-08-10 23:07:02.081662] [0x0000729b92bb46c0] [error] (getInt_) Invalid type of value access
[2024-08-10 23:07:02.512799] [0x0000729b92bb46c0] [error] (checkStatus__) Status was not ok
[2024-08-10 23:07:02.547932] [0x0000729b3bfff6c0] [error] (checkStatus__) Status was not ok
[2024-08-10 23:07:02.549954] [0x0000729b337fe6c0] [error] (checkStatus__) Status was not ok
[2024-08-10 23:07:02.554155] [0x0000729b3b7fe6c0] [error] (checkStatus__) Status was not ok
[2024-08-10 23:07:02.554756] [0x0000729b38ff96c0] [error] (checkStatus__) Status was not ok
[2024-08-10 23:07:02.554924] [0x0000729b5cff96c0] [error] (checkStatus__) Status was not ok
[2024-08-10 23:07:02.555325] [0x0000729b39ffb6c0] [error] (checkStatus__) Status was not ok
[2024-08-10 23:07:02.555738] [0x0000729b5d7fa6c0] [error] (checkStatus__) Status was not ok
[2024-08-10 23:07:02.556534] [0x0000729b3a7fc6c0] [error] (checkStatus__) Status was not ok
[2024-08-10 23:07:02.557176] [0x0000729b3affd6c0] [error] (checkStatus__) Status was not ok
[2024-08-10 23:07:02.714688] [0x0000729b30ff96c0] [error] (checkStatus__) Status was not ok
[2024-08-10 23:07:06.613339] [0x0000729b30ff96c0] [error] (checkStatus__) Status was not ok
[2024-08-10 23:07:10.093531] [0x0000729b92bb46c0] [error] (checkStatus__) Status was not ok
[2024-08-10 23:07:10.426369] [0x0000729b92bb46c0] [error] (checkStatus__) Status was not ok
